INFO 2025-11-09 20:19:37,157 autoreload 1444 4756 Watching for file changes with StatReloader
WARNING 2025-11-09 20:19:52,670 log 1444 13392 Not Found: /
WARNING 2025-11-09 20:19:52,728 log 1444 13392 Not Found: /favicon.ico
WARNING 2025-11-09 20:21:04,891 log 1444 4428 Bad Request: /api/products/productos/6/
WARNING 2025-11-09 20:22:39,103 log 1444 4428 Bad Request: /api/products/productos/
WARNING 2025-11-09 20:22:54,568 log 1444 4428 Bad Request: /api/products/productos/
WARNING 2025-11-09 22:13:34,654 log 1444 5264 Bad Request: /api/products/productos/
WARNING 2025-11-09 22:14:44,794 log 1444 1548 Not Found: /favicon.ico
WARNING 2025-11-09 22:16:13,740 log 1444 14084 Bad Request: /api/products/productos/
INFO 2025-11-11 17:39:30,504 autoreload 6476 12388 Watching for file changes with StatReloader
WARNING 2025-11-11 17:41:11,712 log 6476 12196 Bad Request: /api/payments/
ERROR 2025-11-11 17:47:59,617 log 6476 5544 Internal Server Error: /api/payments/
Traceback (most recent call last):
  File "C:\Users\Ale\Documents\Si2 2025-2\segundo parcial\implementacion\backend\venv\Lib\site-packages\django\core\handlers\exception.py", line 55, in inner
    response = get_response(request)
  File "C:\Users\Ale\Documents\Si2 2025-2\segundo parcial\implementacion\backend\venv\Lib\site-packages\django\core\handlers\base.py", line 197, in _get_response
    response = wrapped_callback(request, *callback_args, **callback_kwargs)
  File "C:\Users\Ale\Documents\Si2 2025-2\segundo parcial\implementacion\backend\venv\Lib\site-packages\django\views\decorators\csrf.py", line 65, in _view_wrapper
    return view_func(request, *args, **kwargs)
  File "C:\Users\Ale\Documents\Si2 2025-2\segundo parcial\implementacion\backend\venv\Lib\site-packages\rest_framework\viewsets.py", line 125, in view
    return self.dispatch(request, *args, **kwargs)
           ~~~~~~~~~~~~~^^^^^^^^^^^^^^^^^^^^^^^^^^
  File "C:\Users\Ale\Documents\Si2 2025-2\segundo parcial\implementacion\backend\venv\Lib\site-packages\rest_framework\views.py", line 515, in dispatch
    response = self.handle_exception(exc)
  File "C:\Users\Ale\Documents\Si2 2025-2\segundo parcial\implementacion\backend\venv\Lib\site-packages\rest_framework\views.py", line 475, in handle_exception
    self.raise_uncaught_exception(exc)
    ~~~~~~~~~~~~~~~~~~~~~~~~~~~~~^^^^^
  File "C:\Users\Ale\Documents\Si2 2025-2\segundo parcial\implementacion\backend\venv\Lib\site-packages\rest_framework\views.py", line 486, in raise_uncaught_exception
    raise exc
  File "C:\Users\Ale\Documents\Si2 2025-2\segundo parcial\implementacion\backend\venv\Lib\site-packages\rest_framework\views.py", line 512, in dispatch
    response = handler(request, *args, **kwargs)
  File "C:\Users\Ale\Documents\Si2 2025-2\segundo parcial\intentos\lovable\backend\apps\payments\views.py", line 19, in create
    payment = Payment.objects.create(
        user=request.user,
    ...<3 lines>...
        description='Pago en efectivo registrado manualmente.'
    )
  File "C:\Users\Ale\Documents\Si2 2025-2\segundo parcial\implementacion\backend\venv\Lib\site-packages\django\db\models\manager.py", line 87, in manager_method
    return getattr(self.get_queryset(), name)(*args, **kwargs)
           ~~~~~~~~~~~~~~~~~~~~~~~~~~~~~~~~~~^^^^^^^^^^^^^^^^^
  File "C:\Users\Ale\Documents\Si2 2025-2\segundo parcial\implementacion\backend\venv\Lib\site-packages\django\db\models\query.py", line 661, in create
    obj = self.model(**kwargs)
  File "C:\Users\Ale\Documents\Si2 2025-2\segundo parcial\implementacion\backend\venv\Lib\site-packages\django\db\models\base.py", line 545, in __init__
    _setattr(self, field.name, rel_obj)
    ~~~~~~~~^^^^^^^^^^^^^^^^^^^^^^^^^^^
  File "C:\Users\Ale\Documents\Si2 2025-2\segundo parcial\implementacion\backend\venv\Lib\site-packages\django\db\models\fields\related_descriptors.py", line 291, in __set__
    raise ValueError(
    ...<7 lines>...
    )
ValueError: Cannot assign "<django.contrib.auth.models.AnonymousUser object at 0x0000017853451810>": "Payment.user" must be a "User" instance.
ERROR 2025-11-11 18:22:49,662 log 6476 6284 Internal Server Error: /api/payments/
Traceback (most recent call last):
  File "C:\Users\Ale\Documents\Si2 2025-2\segundo parcial\implementacion\backend\venv\Lib\site-packages\django\core\handlers\exception.py", line 55, in inner
    response = get_response(request)
  File "C:\Users\Ale\Documents\Si2 2025-2\segundo parcial\implementacion\backend\venv\Lib\site-packages\django\core\handlers\base.py", line 197, in _get_response
    response = wrapped_callback(request, *callback_args, **callback_kwargs)
  File "C:\Users\Ale\Documents\Si2 2025-2\segundo parcial\implementacion\backend\venv\Lib\site-packages\django\views\decorators\csrf.py", line 65, in _view_wrapper
    return view_func(request, *args, **kwargs)
  File "C:\Users\Ale\Documents\Si2 2025-2\segundo parcial\implementacion\backend\venv\Lib\site-packages\rest_framework\viewsets.py", line 125, in view
    return self.dispatch(request, *args, **kwargs)
           ~~~~~~~~~~~~~^^^^^^^^^^^^^^^^^^^^^^^^^^
  File "C:\Users\Ale\Documents\Si2 2025-2\segundo parcial\implementacion\backend\venv\Lib\site-packages\rest_framework\views.py", line 515, in dispatch
    response = self.handle_exception(exc)
  File "C:\Users\Ale\Documents\Si2 2025-2\segundo parcial\implementacion\backend\venv\Lib\site-packages\rest_framework\views.py", line 475, in handle_exception
    self.raise_uncaught_exception(exc)
    ~~~~~~~~~~~~~~~~~~~~~~~~~~~~~^^^^^
  File "C:\Users\Ale\Documents\Si2 2025-2\segundo parcial\implementacion\backend\venv\Lib\site-packages\rest_framework\views.py", line 486, in raise_uncaught_exception
    raise exc
  File "C:\Users\Ale\Documents\Si2 2025-2\segundo parcial\implementacion\backend\venv\Lib\site-packages\rest_framework\views.py", line 512, in dispatch
    response = handler(request, *args, **kwargs)
  File "C:\Users\Ale\Documents\Si2 2025-2\segundo parcial\intentos\lovable\backend\apps\payments\views.py", line 19, in create
    payment = Payment.objects.create(
        user=request.user,
    ...<3 lines>...
        description='Pago en efectivo registrado manualmente.'
    )
  File "C:\Users\Ale\Documents\Si2 2025-2\segundo parcial\implementacion\backend\venv\Lib\site-packages\django\db\models\manager.py", line 87, in manager_method
    return getattr(self.get_queryset(), name)(*args, **kwargs)
           ~~~~~~~~~~~~~~~~~~~~~~~~~~~~~~~~~~^^^^^^^^^^^^^^^^^
  File "C:\Users\Ale\Documents\Si2 2025-2\segundo parcial\implementacion\backend\venv\Lib\site-packages\django\db\models\query.py", line 661, in create
    obj = self.model(**kwargs)
  File "C:\Users\Ale\Documents\Si2 2025-2\segundo parcial\implementacion\backend\venv\Lib\site-packages\django\db\models\base.py", line 545, in __init__
    _setattr(self, field.name, rel_obj)
    ~~~~~~~~^^^^^^^^^^^^^^^^^^^^^^^^^^^
  File "C:\Users\Ale\Documents\Si2 2025-2\segundo parcial\implementacion\backend\venv\Lib\site-packages\django\db\models\fields\related_descriptors.py", line 291, in __set__
    raise ValueError(
    ...<7 lines>...
    )
ValueError: Cannot assign "<django.contrib.auth.models.AnonymousUser object at 0x000001785395D9D0>": "Payment.user" must be a "User" instance.
INFO 2025-11-11 18:34:28,672 autoreload 6476 12388 C:\Users\Ale\Documents\Si2 2025-2\segundo parcial\intentos\lovable\backend\apps\payments\views.py changed, reloading.
INFO 2025-11-11 18:34:29,247 autoreload 9412 12752 Watching for file changes with StatReloader
INFO 2025-11-11 20:19:31,557 autoreload 6348 4704 Watching for file changes with StatReloader
INFO 2025-11-11 20:19:47,324 autoreload 14236 13732 Watching for file changes with StatReloader
INFO 2025-11-11 23:35:21,035 autoreload 14236 13732 C:\Users\Ale\Documents\Si2 2025-2\segundo parcial\intentos\lovable\backend\apps\payments\views.py changed, reloading.
INFO 2025-11-11 23:35:21,617 autoreload 7308 11024 Watching for file changes with StatReloader
INFO 2025-11-11 23:35:40,601 autoreload 1948 11228 Watching for file changes with StatReloader
WARNING 2025-11-11 23:50:35,507 log 1948 7048 Not Found: /favicon.ico
WARNING 2025-11-11 23:57:54,403 log 1948 304 Forbidden: /api/payments/
WARNING 2025-11-12 00:22:13,370 log 1948 14024 Forbidden: /api/payments/
INFO 2025-11-12 00:43:23,234 autoreload 1948 11228 C:\Users\Ale\Documents\Si2 2025-2\segundo parcial\intentos\lovable\backend\smartsales_config\settings.py changed, reloading.
INFO 2025-11-12 00:43:23,815 autoreload 8488 9440 Watching for file changes with StatReloader
INFO 2025-11-12 00:44:00,357 autoreload 3552 7704 Watching for file changes with StatReloader
INFO 2025-11-12 01:40:13,292 autoreload 576 1316 Watching for file changes with StatReloader
